
Iteratively transform vector A with vector B of 0x7ffe787e96b0 integer elements.
vector-transform (sequential): 		  = 3.64102e-05 seconds
vector-transform (kernel): 		  = 0.000130022 seconds
vector-transform (memory): 		  = 0.000215749 seconds
results OK!

Iteratively transform vector A with vector B of 0x7ffe787e96b0 integer elements.
vector-transform (sequential): 		  = 0.0027857 seconds
vector-transform (kernel): 		  = 0.000143764 seconds
vector-transform (memory): 		  = 0.00168661 seconds
results OK!

Iteratively transform vector A with vector B of 0x7ffe787e96b0 integer elements.
vector-transform (sequential): 		  = 0.0209093 seconds
vector-transform (kernel): 		  = 0.000840862 seconds
vector-transform (memory): 		  = 0.00924924 seconds
results OK!

Iteratively transform vector A with vector B of 0x7ffe787e96b0 integer elements.
vector-transform (sequential): 		  = 0.0242473 seconds
vector-transform (kernel): 		  = 0.00110449 seconds
vector-transform (memory): 		  = 0.0134525 seconds
error in results! Element 999936 is 0, but should be 4.99936e+11
